<?xml version="1.0" encoding="UTF-8"?>
<!-- Generated by org.testng.reporters.JUnitReportReporter -->
<testsuite skipped="0" hostname="DESKTOP-V27OF97" name="tests.PhpBookAFlightTest" tests="1" failures="0" timestamp="26 Jun 2018 03:38:16 GMT" time="21.833" errors="0">
  <testcase name="OneWayFlight" time="21.833" classname="tests.PhpBookAFlightTest"/>
</testsuite> <!-- tests.PhpBookAFlightTest -->
